<?xml version="1.0" encoding="UTF-8"?>
<!-- Generated by org.testng.reporters.JUnitReportReporter -->
<testsuite hostname="Santosh-Joshi" failures="0" tests="1" name="com.netBanking.testCases.TC_LoginTest_001" time="53.055" errors="0" timestamp="05 Mar 2020 15:44:07 GMT" skipped="0">
  <testcase classname="com.netBanking.testCases.TC_LoginTest_001" name="loginTest" time="53.055"/>
</testsuite> <!-- com.netBanking.testCases.TC_LoginTest_001 -->
